(ARCTools Version 2.1.2)
 HexLoc     DecLoc    MachWord   Label        Instruction                Comment
                                              .org 2048                  
00000800  0000002048  8001000f  X:                                       
00000804  0000002052  00000000  Y:                                       
00000808  0000002056            main:                                    
0000080c  0000002060  e8002800                ld [2048], %r20            
00000810  0000002064  a003c000                add %r15, %r0, %r16        
00000814  0000002068  40000003                call 3                     
00000818  0000002072  e8202804                st %r20, [2052]            
0000081c  0000002076  81c42004                jmpl %r16, 4, %r0          
00000820  0000002080            obtener_sumar_dos_nums:                             
00000824  0000002084  83352010                srl %r20, 16, %r1          !Num izq.
                                                                         
00000828  0000002088  852d2010                sll %r20, 16, %r2          !Num der.
0000082c  0000002092  8538a010                sra %r2, 16, %r2           !Vuelvo a derecha.
                                                                         
00000830  0000002096  a8804002                addcc %r1, %r2, %r20       !Suma
00000834  0000002100  81c3e004                jmpl %r15, 4, %r0          

--- Symbol Table ---
main: 2056
obtener_sumar_dos_nums: 2080
Y: 2052
X: 2048
