(ARCTools Version 2.1.2)
 HexLoc     DecLoc    MachWord   Label        Instruction                Comment
                                              .org 2048                  
00000800  0000002048  00000003  X:                                       
00000804  0000002052  00000002  Y:                                       
00000808  0000002056  00000000  Z:                                       
0000080c  0000002060            main:                                    
00000810  0000002064  c2002800                ld [2048], %r1             
00000814  0000002068  c4002804                ld [2052], %r2             
00000818  0000002072  a003c000                add %r15, %r0, %r16        !Backup call
0000081c  0000002076  40000003                call 3                     
00000820  0000002080  c6202808                st %r3, [2056]             
00000824  0000002084  81c42004                jmpl %r16, 4, %r0          
00000828  0000002088            suma:                                    
0000082c  0000002092  86804002                addcc %r1, %r2, %r3        
00000830  0000002096  81c3e004                jmpl %r15, 4, %r0          

--- Symbol Table ---
suma: 2088
main: 2060
Z: 2056
Y: 2052
X: 2048
