(ARCTools Version 2.1.2)
 HexLoc     DecLoc    MachWord   Label        Instruction                Comment
                                              .org 2048                  
00000800  0000002048  7fffffff  X:                                       
00000804  0000002052  7fffffff  Y:                                       
00000808  0000002056  00000000  Z:                                       
0000080c  0000002060            main:                                    
00000810  0000002064  c2002800                ld [2048], %r1             
00000814  0000002068  c4002804                ld [2052], %r2             
00000818  0000002072                          push %r2                   
00000818  0000002072  9c03bffc                add %r14, -4, %r14         
0000081c  0000002076  c4238000                st %r2, %r14               
00000820  0000002080                          push %r1                   
00000820  0000002080  9c03bffc                add %r14, -4, %r14         
00000824  0000002084  c2238000                st %r1, %r14               
00000828  0000002088  a003c000                add %r15, %r0, %r16        
0000082c  0000002092  40000005                call 5                     
00000830  0000002096                          pop %r3                    
00000830  0000002096  c6038000                ld %r14, %r3               
00000834  0000002100  9c03a004                add %r14, 4, %r14          
00000838  0000002104  c6202808                st %r3, [2056]             
0000083c  0000002108  81c42004                jmpl %r16, 4, %r0          
00000840  0000002112            multiplicar:                             
00000844  0000002116                          pop %r1                    
00000844  0000002116  c2038000                ld %r14, %r1               
00000848  0000002120  9c03a004                add %r14, 4, %r14          
0000084c  0000002124                          pop %r2                    
0000084c  0000002124  c4038000                ld %r14, %r2               
00000850  0000002128  9c03a004                add %r14, 4, %r14          
00000854  0000002132  8c808000                addcc %r2, %r0, %r6        !Creo el contador
00000858  0000002136  0c800007                bneg 7                     
0000085c  0000002140            loop:                                    
00000860  0000002144  8680c001                addcc %r3, %r1, %r3        
00000864  0000002148  0e800012                bvs 18                     
00000868  0000002152  8c81bfff                addcc %r6, -1, %r6         
0000086c  0000002156  02800005                be 5                       
00000870  0000002160  10bffffb                ba -5                      
00000874  0000002164            caso_negativo:                             
00000878  0000002168  8c200006                sub %r0, %r6, %r6          
0000087c  0000002172  10bffff8                ba -8                      
00000880  0000002176            terminar:                                
00000884  0000002180  8480a000                addcc %r2, 0, %r2          
00000888  0000002184  0c800004                bneg 4                     
0000088c  0000002188                          push %r3                   
0000088c  0000002188  9c03bffc                add %r14, -4, %r14         
00000890  0000002192  c6238000                st %r3, %r14               
00000894  0000002196  81c3e004                jmpl %r15, 4, %r0          
00000898  0000002200            terminar_neg:                             
0000089c  0000002204  86200003                sub %r0, %r3, %r3          
000008a0  0000002208                          push %r3                   
000008a0  0000002208  9c03bffc                add %r14, -4, %r14         
000008a4  0000002212  c6238000                st %r3, %r14               
000008a8  0000002216  81c3e004                jmpl %r15, 4, %r0          
000008ac  0000002220            no_representable:                             
000008b0  0000002224  86003fff                add %r0, -1, %r3           
000008b4  0000002228                          push %r3                   
000008b4  0000002228  9c03bffc                add %r14, -4, %r14         
000008b8  0000002232  c6238000                st %r3, %r14               
000008bc  0000002236  81c3e004                jmpl %r15, 4, %r0          

--- Symbol Table ---
Z: 2056
Y: 2052
X: 2048
caso_negativo: 2164
terminar: 2176
main: 2060
terminar_neg: 2200
loop: 2140
no_representable: 2220
multiplicar: 2112
