(ARCTools Version 2.1.2)
 HexLoc     DecLoc    MachWord   Label        Instruction                Comment
                                              .org 2048                  
00000800  0000002048  7fffffff  X:                                       
00000804  0000002052  00000001  Y:                                       
00000808  0000002056  00000000  Z:                                       
0000080c  0000002060            main:                                    
00000810  0000002064  c2002800                ld [2048], %r1             
00000814  0000002068  c4002804                ld [2052], %r2             
00000818  0000002072                          push %r2                   
00000818  0000002072  9c03bffc                add %r14, -4, %r14         
0000081c  0000002076  c4238000                st %r2, %r14               
00000820  0000002080                          push %r1                   
00000820  0000002080  9c03bffc                add %r14, -4, %r14         
00000824  0000002084  c2238000                st %r1, %r14               
00000828  0000002088  a003c000                add %r15, %r0, %r16        
0000082c  0000002092  40000005                call 5                     
00000830  0000002096                          pop %r3                    
00000830  0000002096  c6038000                ld %r14, %r3               
00000834  0000002100  9c03a004                add %r14, 4, %r14          
00000838  0000002104  c6202808                st %r3, [2056]             
0000083c  0000002108  81c42004                jmpl %r16, 4, %r0          
00000840  0000002112            suma_es_representable:                             
00000844  0000002116                          pop %r5                    
00000844  0000002116  ca038000                ld %r14, %r5               
00000848  0000002120  9c03a004                add %r14, 4, %r14          
0000084c  0000002124                          pop %r6                    
0000084c  0000002124  cc038000                ld %r14, %r6               
00000850  0000002128  9c03a004                add %r14, 4, %r14          
00000854  0000002132  8e814006                addcc %r5, %r6, %r7        
00000858  0000002136  0e800005                bvs 5                      
0000085c  0000002140  8e002000                add %r0, 0, %r7            
00000860  0000002144                          push %r7                   
00000860  0000002144  9c03bffc                add %r14, -4, %r14         
00000864  0000002148  ce238000                st %r7, %r14               
00000868  0000002152  81c3e004                jmpl %r15, 4, %r0          
0000086c  0000002156            no_representable:                             
00000870  0000002160  8e003fff                add %r0, -1, %r7           
00000874  0000002164                          push %r7                   
00000874  0000002164  9c03bffc                add %r14, -4, %r14         
00000878  0000002168  ce238000                st %r7, %r14               
0000087c  0000002172  81c3e004                jmpl %r15, 4, %r0          

--- Symbol Table ---
main: 2060
no_representable: 2156
suma_es_representable: 2112
Z: 2056
Y: 2052
X: 2048
