(ARCTools Version 2.1.2)
 HexLoc     DecLoc    MachWord   Label        Instruction                Comment
                                              .org 2048                  
00000800  0000002048  00000005  X:                                       
00000804  0000002052  00000000  Y:                                       
00000808  0000002056            main:                                    
0000080c  0000002060  c2002800                ld [2048], %r1             
00000810  0000002064                          push %r1                   
00000810  0000002064  9c03bffc                add %r14, -4, %r14         
00000814  0000002068  c2238000                st %r1, %r14               
00000818  0000002072  a003c000                add %r15, %r0, %r16        
0000081c  0000002076  40000005                call 5                     
00000820  0000002080                          pop %r2                    
00000820  0000002080  c4038000                ld %r14, %r2               
00000824  0000002084  9c03a004                add %r14, 4, %r14          
00000828  0000002088  c4202804                st %r2, [2052]             
0000082c  0000002092  81c42004                jmpl %r16, 4, %r0          
00000830  0000002096            compl_a_2:                               
00000834  0000002100                          pop %r5                    
00000834  0000002100  ca038000                ld %r14, %r5               
00000838  0000002104  9c03a004                add %r14, 4, %r14          
0000083c  0000002108  80814000                addcc %r5, %r0, %r0        
00000840  0000002112  0c800004                bneg 4                     
00000844  0000002116                          push %r5                   
00000844  0000002116  9c03bffc                add %r14, -4, %r14         
00000848  0000002120  ca238000                st %r5, %r14               
0000084c  0000002124  81c3e004                jmpl %r15, 4, %r0          
00000850  0000002128            negar:                                   
00000854  0000002132  8a200005                sub %r0, %r5, %r5          
00000858  0000002136                          push %r5                   
00000858  0000002136  9c03bffc                add %r14, -4, %r14         
0000085c  0000002140  ca238000                st %r5, %r14               
00000860  0000002144  81c3e004                jmpl %r15, 4, %r0          

--- Symbol Table ---
main: 2056
negar: 2128
compl_a_2: 2096
Y: 2052
X: 2048
