(ARCTools Version 2.1.2)
 HexLoc     DecLoc    MachWord   Label        Instruction                Comment
                                              .org 2048                  
00000800  0000002048  fffffff1  X:                                       
00000804  0000002052  00000000  Y:                                       
00000808  0000002056  7fffffff  mascara:                                 !0111...1111 en decimal		 
0000080c  0000002060            main:                                    
00000810  0000002064  d4002800                ld [2048], %r10            
00000814  0000002068  d6002808                ld [2056], %r11            
00000818  0000002072  a003c000                add %r15, %r0, %r16        
0000081c  0000002076  40000003                call 3                     
00000820  0000002080  d4202804                st %r10, [2052]            
00000824  0000002084  81c42004                jmpl %r16, 4, %r0          
00000828  0000002088            valor_absoluto:                             
0000082c  0000002092  940a800b                and %r10, %r11, %r10       
00000830  0000002096  81c3e004                jmpl %r15, 4, %r0          

--- Symbol Table ---
main: 2060
mascara: 2056
valor_absoluto: 2088
Y: 2052
X: 2048
