(ARCTools Version 2.1.2)
 HexLoc     DecLoc    MachWord   Label        Instruction                Comment
                                              .org 2048                  
00000800  0000002048  00000008  X:                                       
00000804  0000002052  00000000  Y:                                       
00000808  0000002056            main:                                    
0000080c  0000002060  c2002800                ld [2048], %r1             
00000810  0000002064  8a004000                add %r1, %r0, %r5          !Contador cuadrado
00000814  0000002068  a003c000                add %r15, %r0, %r16        
00000818  0000002072  40000003                call 3                     
0000081c  0000002076  c4202804                st %r2, [2052]             
00000820  0000002080  81c42004                jmpl %r16, 4, %r0          
00000824  0000002084            cuadrado:                                
00000828  0000002088  84804002                addcc %r1, %r2, %r2        
0000082c  0000002092  0e800006                bvs 6                      
00000830  0000002096  8a817fff                addcc %r5, -1, %r5         
00000834  0000002100  02800002                be 2                       
00000838  0000002104  10bffffb                ba -5                      
0000083c  0000002108            terminar:                                
00000840  0000002112  81c3e004                jmpl %r15, 4, %r0          
00000844  0000002116            no_representable:                             
00000848  0000002120  84003fff                add %r0, -1, %r2           
0000084c  0000002124  81c3e004                jmpl %r15, 4, %r0          

--- Symbol Table ---
main: 2056
no_representable: 2116
cuadrado: 2084
terminar: 2108
Y: 2052
X: 2048
