(ARCTools Version 2.1.2)
 HexLoc     DecLoc    MachWord   Label        Instruction                Comment
                                              .org 2048                  
00000800  0000002048  ffffffff  X:                                       
00000804  0000002052  00000000  Y:                                       
00000808  0000002056            main:                                    
0000080c  0000002060  c2002800                ld [2048], %r1             
00000810  0000002064  84008000                add %r2, %r0, %r2          !Contador
00000814  0000002068                          push %r1                   
00000814  0000002068  9c03bffc                add %r14, -4, %r14         
00000818  0000002072  c2238000                st %r1, %r14               
0000081c  0000002076  a003c000                add %r15, %r0, %r16        
00000820  0000002080  40000005                call 5                     
00000824  0000002084                          pop %r2                    
00000824  0000002084  c4038000                ld %r14, %r2               
00000828  0000002088  9c03a004                add %r14, 4, %r14          
0000082c  0000002092  c4202804                st %r2, [2052]             
00000830  0000002096  81c42004                jmpl %r16, 4, %r0          
00000834  0000002100            cant_1s_binario:                             
00000838  0000002104  80804000                addcc %r1, %r0, %r0        !Flags
0000083c  0000002108  02800008                be 8                       
00000840  0000002112  0c800003                bneg 3                     !Si es neg (1er bit es 1), aumento contador.
00000844  0000002116  83286001                sll %r1, 1, %r1            
00000848  0000002120  10bffffb                ba -5                      
0000084c  0000002124            aumentar:                                
00000850  0000002128  8400a001                add %r2, 1, %r2            
00000854  0000002132  83286001                sll %r1, 1, %r1            
00000858  0000002136  10bffff7                ba -9                      
0000085c  0000002140            terminar:                                
00000860  0000002144                          push %r2                   
00000860  0000002144  9c03bffc                add %r14, -4, %r14         
00000864  0000002148  c4238000                st %r2, %r14               
00000868  0000002152  81c3e004                jmpl %r15, 4, %r0          

--- Symbol Table ---
main: 2056
aumentar: 2124
terminar: 2140
Y: 2052
cant_1s_binario: 2100
X: 2048
